<?xml version="1.0" encoding="UTF-8"?>
<testsuite xmlns:xsi="http://www.w3.org/2001/XMLSchema-instance" xsi:noNamespaceSchemaLocation="https://maven.apache.org/surefire/maven-surefire-plugin/xsd/surefire-test-report.xsd" name="edu.bigdata.training.testservice.controller.TestServiceControllerTest" time="5.832" tests="1" errors="0" skipped="0" failures="0">
  <properties>
[...]
</properties>
  <testcase name="get_should_returnPersonEntity_when_personEntityExists" classname="edu.bigdata.training.testservice.controller.TestServiceControllerTest" time="0.526"/>
</testsuite>